<?xml version="1.0" encoding="UTF-8"?>
<!-- Generated by org.testng.reporters.JUnitXMLReporter -->
<testsuite ignored="4" hostname="YMQN00623274A" failures="0" tests="1" name="Default test" time="0.06" errors="0" timestamp="2019-08-26T21:25:57 EDT">
  <testcase classname="PaymentProcessor.PaymentProcessor.PaymentTest" name="testVideoBehaviour" time="0.007"/>
  <testcase classname="PaymentProcessor.PaymentProcessor.PaymentTest" name="testProductBehaviour" time="0.0">
    <ignored/>
  </testcase> <!-- testProductBehaviour -->
  <testcase classname="PaymentProcessor.PaymentProcessor.PaymentTest" name="testMembershipActivate" time="0.0">
    <ignored/>
  </testcase> <!-- testMembershipActivate -->
  <testcase classname="PaymentProcessor.PaymentProcessor.PaymentTest" name="testMembershipUpgrade" time="0.0">
    <ignored/>
  </testcase> <!-- testMembershipUpgrade -->
  <testcase classname="PaymentProcessor.PaymentProcessor.PaymentTest" name="testBookBehaviour" time="0.0">
    <ignored/>
  </testcase> <!-- testBookBehaviour -->
</testsuite> <!-- Default test -->
