<?xml version="1.0" encoding="UTF-8"?>
<testng-results ignored="4" total="5" passed="1" failed="0" skipped="0">
  <reporter-output>
  </reporter-output>
  <suite started-at="2019-08-26T21:25:57 EDT" name="Default suite" finished-at="2019-08-26T21:25:57 EDT" duration-ms="60">
    <groups>
    </groups>
    <test started-at="2019-08-26T21:25:57 EDT" name="Default test" finished-at="2019-08-26T21:25:57 EDT" duration-ms="60">
      <class name="PaymentProcessor.PaymentProcessor.PaymentTest">
        <test-method is-config="true" signature="setUp()[pri:0, instance:PaymentProcessor.PaymentProcessor.PaymentTest@6ab7a896]" started-at="2019-08-26T21:25:57 EDT" name="setUp" finished-at="2019-08-26T21:25:57 EDT" duration-ms="13" status="PASS">
          <reporter-output>
          </reporter-output>
        </test-method> <!-- setUp -->
        <test-method signature="testVideoBehaviour()[pri:0, instance:PaymentProcessor.PaymentProcessor.PaymentTest@6ab7a896]" started-at="2019-08-26T21:25:57 EDT" name="testVideoBehaviour" finished-at="2019-08-26T21:25:57 EDT" duration-ms="7" status="PASS">
          <reporter-output>
          </reporter-output>
        </test-method> <!-- testVideoBehaviour -->
      </class> <!-- PaymentProcessor.PaymentProcessor.PaymentTest -->
    </test> <!-- Default test -->
  </suite> <!-- Default suite -->
</testng-results>
